2020-04-08T10:17:58.789Z error: ENOENT: no such file or directory, open 'C:\Users\Kevin\Documents\GitHub\kevinmuscara\src\stats\96f04ca6446048679a827bca37f23c4d\tips.json'
2020-04-08T10:17:58.814Z game:                                      
2020-04-08T10:17:58.839Z game: [MVP+] Serni joined the lobby!
2020-04-08T10:17:58.845Z game:                          
2020-04-08T10:17:59.288Z game: -----------------------------------------------------
2020-04-08T10:17:59.289Z game: Welcome back to Extorious!
2020-04-08T10:17:59.290Z game: Have a Blossoming April!
2020-04-08T10:17:59.290Z game:  /g discord
2020-04-08T10:17:59.291Z game: MSG Bearlio if you are intrested in joining the GVG TEAM
2020-04-08T10:17:59.291Z game: -
2020-04-08T10:17:59.292Z game: -
2020-04-08T10:17:59.292Z game: -
2020-04-08T10:17:59.292Z game: -
2020-04-08T10:17:59.293Z game: -
2020-04-08T10:17:59.293Z game: -----------------------------------------------------
2020-04-08T10:19:17.906Z error: ENOENT: no such file or directory, open 'C:\Users\Kevin\Documents\GitHub\kevinmuscara\src\stats\96f04ca6446048679a827bca37f23c4d\tips.json'
2020-04-08T10:19:17.919Z game:                                      
2020-04-08T10:19:17.934Z game: [MVP+] Serni joined the lobby!
2020-04-08T10:19:17.939Z game:                          
2020-04-08T10:19:18.305Z game: -----------------------------------------------------
2020-04-08T10:19:18.306Z game: Welcome back to Extorious!
2020-04-08T10:19:18.307Z game: Have a Blossoming April!
2020-04-08T10:19:18.307Z game:  /g discord
2020-04-08T10:19:18.308Z game: MSG Bearlio if you are intrested in joining the GVG TEAM
2020-04-08T10:19:18.308Z game: -
2020-04-08T10:19:18.309Z game: -
2020-04-08T10:19:18.309Z game: -
2020-04-08T10:19:18.310Z game: -
2020-04-08T10:19:18.310Z game: -
2020-04-08T10:19:18.310Z game: -----------------------------------------------------
2020-04-08T10:19:19.083Z game: You were spawned in Limbo.
2020-04-08T10:19:19.084Z game: /limbo for more information.
2020-04-08T10:19:19.140Z error: ENOENT: no such file or directory, open 'C:\Users\Kevin\Documents\GitHub\kevinmuscara\src\stats\96f04ca6446048679a827bca37f23c4d\tips.json'
2020-04-08T10:20:18.320Z warn: Closing ithout establishing autotip session
